This is XeTeX, Version 3.1415926-2.2-0.9997.4 (TeX Live 2010/Arch Linux) (format=xelatex 2011.2.1)  12 FEB 2011 14:53
entering extended mode
 restricted \write18 enabled.
 %&-line parsing enabled.
**quantum.js
(./quantum.js
LaTeX2e <2009/09/24>
Babel <v3.8l> and hyphenation patterns for english, dumylang, nohyphenation, ge
rman-x-2009-06-19, ngerman-x-2009-06-19, afrikaans, ancientgreek, ibycus, arabi
c, armenian, basque, bulgarian, catalan, pinyin, coptic, croatian, czech, danis
h, dutch, ukenglish, usenglishmax, esperanto, estonian, farsi, finnish, french,
 galician, german, ngerman, swissgerman, monogreek, greek, hungarian, icelandic
, assamese, bengali, gujarati, hindi, kannada, malayalam, marathi, oriya, panja
bi, tamil, telugu, indonesian, interlingua, irish, italian, kurmanji, lao, lati
n, latvian, lithuanian, mongolian, mongolianlmc, bokmal, nynorsk, polish, portu
guese, romanian, russian, sanskrit, serbian, slovak, slovenian, spanish, swedis
h, turkish, turkmen, ukrainian, uppersorbian, welsh, loaded.

! LaTeX Error: Missing \begin{document}.

See the LaTeX manual or LaTeX Companion for explanation.
Type  H <return>  for immediate help.
 ...                                              
                                                  
l.1 /
     *!
? X
 
Here is how much of TeX's memory you used:
 6 strings out of 494535
 176 string characters out of 3161611
 47438 words of memory out of 3000000
 3355 multiletter control sequences out of 15000+200000
 3640 words of font info for 14 fonts, out of 3000000 for 9000
 669 hyphenation exceptions out of 8191
 5i,0n,4p,18b,14s stack positions out of 5000i,500n,10000p,200000b,50000s
No pages of output.
